<?xml version="1.0" encoding="UTF-8"?>
<testng-results ignored="0" total="1" passed="1" failed="0" skipped="0">
  <reporter-output>
  </reporter-output>
  <suite started-at="2023-04-04T01:41:59 IST" name="Suite" finished-at="2023-04-04T01:42:26 IST" duration-ms="27575">
    <groups>
    </groups>
    <test started-at="2023-04-04T01:41:59 IST" name="Test" finished-at="2023-04-04T01:42:26 IST" duration-ms="27575">
      <class name="org.jenkins.test.JenkinsTest">
        <test-method signature="pipelineTest()[pri:0, instance:org.jenkins.test.JenkinsTest@131ef10]" started-at="2023-04-04T01:41:59 IST" name="pipelineTest" finished-at="2023-04-04T01:42:26 IST" duration-ms="27525" status="PASS">
          <reporter-output>
          </reporter-output>
        </test-method> <!-- pipelineTest -->
      </class> <!-- org.jenkins.test.JenkinsTest -->
    </test> <!-- Test -->
  </suite> <!-- Suite -->
</testng-results>
